<?xml version="1.0" encoding="UTF-8"?>
<testng-results ignored="0" total="2" passed="2" failed="0" skipped="0">
  <reporter-output>
  </reporter-output>
  <suite started-at="2022-08-13T02:04:44 IST" name="Default suite" finished-at="2022-08-13T02:05:01 IST" duration-ms="16565">
    <groups>
    </groups>
    <test started-at="2022-08-13T02:04:44 IST" name="Default test" finished-at="2022-08-13T02:05:01 IST" duration-ms="16565">
      <class name="Appium.Automation.AppTest">
        <test-method is-config="true" signature="LaunchApp()[pri:0, instance:Appium.Automation.AppTest@60bd273d]" started-at="2022-08-13T02:04:44 IST" name="LaunchApp" finished-at="2022-08-13T02:04:56 IST" duration-ms="11299" status="PASS">
          <reporter-output>
          </reporter-output>
        </test-method> <!-- LaunchApp -->
        <test-method signature="verifyPreferenceScreen()[pri:0, instance:Appium.Automation.AppTest@60bd273d]" started-at="2022-08-13T02:04:56 IST" name="verifyPreferenceScreen" finished-at="2022-08-13T02:04:57 IST" duration-ms="1250" status="PASS">
          <reporter-output>
          </reporter-output>
        </test-method> <!-- verifyPreferenceScreen -->
        <test-method signature="verifyWifiScreen()[pri:0, instance:Appium.Automation.AppTest@60bd273d]" started-at="2022-08-13T02:04:57 IST" name="verifyWifiScreen" finished-at="2022-08-13T02:05:01 IST" duration-ms="3631" status="PASS">
          <reporter-output>
          </reporter-output>
        </test-method> <!-- verifyWifiScreen -->
        <test-method is-config="true" signature="Stop()[pri:0, instance:Appium.Automation.AppTest@60bd273d]" started-at="2022-08-13T02:05:01 IST" name="Stop" finished-at="2022-08-13T02:05:01 IST" duration-ms="301" status="PASS">
          <reporter-output>
          </reporter-output>
        </test-method> <!-- Stop -->
      </class> <!-- Appium.Automation.AppTest -->
    </test> <!-- Default test -->
  </suite> <!-- Default suite -->
</testng-results>
